<?xml version="1.0" encoding="UTF-8"?>
<!-- Generated by org.testng.reporters.JUnitReportReporter -->
<testsuite hostname="LEE-PC" name="com.geelaro.web.AutoCba.AppTest" tests="2" failures="0" timestamp="9 May 2017 15:26:21 GMT" time="21.820" errors="0">
  <testcase name="mailLogin" time="12.527" classname="com.geelaro.web.AutoCba.AppTest"/>
  <testcase name="openBaidu" time="9.293" classname="com.geelaro.web.AutoCba.AppTest"/>
</testsuite> <!-- com.geelaro.web.AutoCba.AppTest -->
